2024-09-01 22:19:58,820 - TIME - Tiempo de entrada: 1725221996.7633 ms, Tiempo de salida: 1725221998.8192 ms, Duraci锟n total: 2055.85 ms - Estado: 400 - Duration: 9223 ms


2024-09-01 22:22:06,135 - TIME - Tiempo de entrada: 1725222126.0812 ms, Tiempo de salida: 1725222126.1356 ms, Duracin total: 54.36 ms - Estado: 200 - Duration: 4102 ms
2024-09-01 22:22:23,197 - TIME - Tiempo de entrada: 1725222143.1904 ms, Tiempo de salida: 1725222143.1974 ms, Duracin total: 7.00 ms - Estado: 200 - Duration: 21164 ms
2024-09-01 22:22:35,318 - TIME - Tiempo de entrada: 1725222155.3104 ms, Tiempo de salida: 1725222155.3184 ms, Duracin total: 8.00 ms - Estado: 200 - Duration: 33285 ms
2024-09-01 22:22:39,943 - TIME - Tiempo de entrada: 1725222159.9352 ms, Tiempo de salida: 1725222159.9432 ms, Duracin total: 8.00 ms - Estado: 200 - Duration: 37910 ms
2024-09-01 22:50:51,866 - TIME - Tiempo de entrada: 1725223851.8651 ms, Tiempo de salida: 1725223851.8665 ms, Duracin total: 1.46 ms - Estado: 422 - Duration: 2582 ms
2024-09-02 00:18:23,408 - TIME - Tiempo de entrada: 1725229103.3467 ms, Tiempo de salida: 1725229103.4083 ms, Duracin total: 61.59 ms - Estado: 500 - Duration: 5254124 ms
2024-09-02 00:20:29,530 - TIME - Tiempo de entrada: 1725229229.5140 ms, Tiempo de salida: 1725229229.5310 ms, Duracin total: 17.00 ms - Estado: 200 - Duration: 5380246 ms
2024-09-02 00:20:43,780 - TIME - Tiempo de entrada: 1725229243.7699 ms, Tiempo de salida: 1725229243.7809 ms, Duracin total: 11.00 ms - Estado: 200 - Duration: 5394496 ms
2024-09-02 00:21:50,259 - TIME - Tiempo de entrada: 1725229310.2584 ms, Tiempo de salida: 1725229310.2594 ms, Duracin total: 1.00 ms - Estado: 200 - Duration: 5460975 ms
2024-09-02 00:22:10,743 - TIME - Tiempo de entrada: 1725229330.7414 ms, Tiempo de salida: 1725229330.7434 ms, Duracin total: 2.00 ms - Estado: 200 - Duration: 3036 ms
2024-09-02 00:22:21,093 - TIME - Tiempo de entrada: 1725229341.0654 ms, Tiempo de salida: 1725229341.0934 ms, Duracin total: 28.01 ms - Estado: 200 - Duration: 13386 ms
2024-09-02 00:23:06,618 - TIME - Tiempo de entrada: 1725229386.5894 ms, Tiempo de salida: 1725229386.6184 ms, Duracin total: 29.01 ms - Estado: 200 - Duration: 5132 ms
2024-09-02 00:33:41,042 - TIME - Tiempo de entrada: 1725230021.0130 ms, Tiempo de salida: 1725230021.0430 ms, Duracin total: 30.01 ms - Estado: 200 - Duration: 1768 ms
2024-09-02 00:35:07,802 - TIME - Tiempo de entrada: 1725230107.7728 ms, Tiempo de salida: 1725230107.8028 ms, Duracin total: 30.01 ms - Estado: 200 - Duration: 3945 ms
2024-09-02 00:39:08,881 - TIME - Tiempo de entrada: 1725230348.8518 ms, Tiempo de salida: 1725230348.8818 ms, Duracin total: 30.01 ms - Estado: 200 - Duration: 3309 ms
2024-09-02 00:46:20,435 - TIME - Tiempo de entrada: 1725230780.4035 ms, Tiempo de salida: 1725230780.4355 ms, Duracin total: 32.01 ms - Estado: 400 - Duration: 2072 ms
2024-09-02 00:50:46,203 - TIME - Tiempo de entrada: 1725231046.1713 ms, Tiempo de salida: 1725231046.2033 ms, Duracin total: 32.01 ms - Estado: 400 - Duration: 2779 ms
2024-09-02 00:52:56,524 - TIME - Tiempo de entrada: 1725231176.4920 ms, Tiempo de salida: 1725231176.5250 ms, Duracin total: 33.01 ms - Estado: 400 - Duration: 1828 ms
2024-09-02 00:53:16,420 - TIME - Tiempo de entrada: 1725231196.3880 ms, Tiempo de salida: 1725231196.4200 ms, Duracin total: 32.01 ms - Estado: 400 - Duration: 1704 ms
2024-09-02 00:55:49,347 - TIME - Tiempo de entrada: 1725231349.3160 ms, Tiempo de salida: 1725231349.3480 ms, Duracin total: 32.01 ms - Estado: 400 - Duration: 2273 ms
2024-09-02 00:56:23,469 - TIME - Tiempo de entrada: 1725231383.4371 ms, Tiempo de salida: 1725231383.4691 ms, Duracin total: 32.01 ms - Estado: 400 - Duration: 2459 ms
2024-09-02 00:57:15,642 - TIME - Tiempo de entrada: 1725231435.6112 ms, Tiempo de salida: 1725231435.6422 ms, Duracin total: 31.01 ms - Estado: 400 - Duration: 2949 ms
2024-09-02 00:59:56,956 - TIME - Tiempo de entrada: 1725231596.9239 ms, Tiempo de salida: 1725231596.9569 ms, Duracin total: 33.01 ms - Estado: 400 - Duration: 2199 ms
2024-09-02 01:00:49,967 - TIME - Tiempo de entrada: 1725231649.9389 ms, Tiempo de salida: 1725231649.9679 ms, Duracin total: 29.01 ms - Estado: 200 - Duration: 2146 ms
2024-09-02 01:02:41,000 - TIME - Tiempo de entrada: 1725231760.9720 ms, Tiempo de salida: 1725231761.0010 ms, Duracin total: 29.01 ms - Estado: 200 - Duration: 7349 ms
2024-09-02 01:05:00,767 - TIME - Tiempo de entrada: 1725231900.7393 ms, Tiempo de salida: 1725231900.7673 ms, Duracin total: 28.01 ms - Estado: 200 - Duration: 1891 ms
2024-09-02 01:06:58,874 - TIME - Tiempo de entrada: 1725232018.8446 ms, Tiempo de salida: 1725232018.8736 ms, Duracin total: 29.00 ms - Estado: 200 - Duration: 77456 ms
2024-09-02 01:09:25,336 - TIME - Tiempo de entrada: 1725232165.3080 ms, Tiempo de salida: 1725232165.3370 ms, Duracin total: 29.01 ms - Estado: 200 - Duration: 4079 ms
2024-09-02 01:11:45,525 - TIME - Tiempo de entrada: 1725232305.4990 ms, Tiempo de salida: 1725232305.5260 ms, Duracin total: 27.00 ms - Estado: 200 - Duration: 3010 ms
2024-09-02 01:13:56,231 - TIME - Tiempo de entrada: 1725232436.2029 ms, Tiempo de salida: 1725232436.2319 ms, Duracin total: 29.01 ms - Estado: 200 - Duration: 4932 ms
2024-09-02 01:24:35,923 - TIME - Tiempo de entrada: 1725233075.8909 ms, Tiempo de salida: 1725233075.9239 ms, Duracin total: 33.01 ms - Estado: 400 - Duration: 14776 ms
2024-09-02 01:25:12,294 - TIME - Tiempo de entrada: 1725233112.2669 ms, Tiempo de salida: 1725233112.2949 ms, Duracin total: 28.00 ms - Estado: 200 - Duration: 1253 ms
2024-09-02 01:30:54,237 - TIME - Tiempo de entrada: 1725233454.2097 ms, Tiempo de salida: 1725233454.2377 ms, Duracin total: 28.00 ms - Estado: 200 - Duration: 3016 ms
2024-09-02 01:36:54,711 - TIME - Tiempo de entrada: 1725233814.6824 ms, Tiempo de salida: 1725233814.7114 ms, Duracin total: 29.01 ms - Estado: 200 - Duration: 2977 ms
2024-09-02 01:38:15,581 - TIME - Tiempo de entrada: 1725233895.5544 ms, Tiempo de salida: 1725233895.5814 ms, Duracin total: 27.01 ms - Estado: 200 - Duration: 1860 ms
2024-09-02 01:42:17,470 - TIME - Tiempo de entrada: 1725234137.4412 ms, Tiempo de salida: 1725234137.4702 ms, Duracin total: 29.01 ms - Estado: 200 - Duration: 2559 ms
2024-09-02 01:43:40,863 - TIME - Tiempo de entrada: 1725234220.8352 ms, Tiempo de salida: 1725234220.8632 ms, Duracin total: 28.01 ms - Estado: 200 - Duration: 3723 ms
2024-09-02 01:44:31,819 - TIME - Tiempo de entrada: 1725234271.7933 ms, Tiempo de salida: 1725234271.8193 ms, Duracin total: 26.01 ms - Estado: 200 - Duration: 2777 ms
2024-09-02 01:45:51,758 - TIME - Tiempo de entrada: 1725234351.7301 ms, Tiempo de salida: 1725234351.7581 ms, Duracin total: 28.01 ms - Estado: 200 - Duration: 2872 ms
2024-09-03 13:11:29,270 - TIME - Tiempo de entrada: 1725361889.2316 ms, Tiempo de salida: 1725361889.2705 ms, Duracin total: 38.96 ms - Estado: 200 - Duration: 11466 ms
2024-09-03 13:11:35,057 - TIME - Tiempo de entrada: 1725361895.0497 ms, Tiempo de salida: 1725361895.0577 ms, Duracin total: 8.00 ms - Estado: 200 - Duration: 17254 ms
2024-09-03 13:11:41,327 - TIME - Tiempo de entrada: 1725361901.3202 ms, Tiempo de salida: 1725361901.3272 ms, Duracin total: 7.00 ms - Estado: 200 - Duration: 23523 ms
2024-09-03 20:52:22,584 - TIME - Tiempo de entrada: 1725389542.5519 ms, Tiempo de salida: 1725389542.5849 ms, Duracin total: 33.01 ms - Estado: 500 - Duration: 17885 ms
2024-09-03 20:52:35,488 - TIME - Tiempo de entrada: 1725389555.4814 ms, Tiempo de salida: 1725389555.4884 ms, Duracin total: 7.00 ms - Estado: 500 - Duration: 30788 ms
2024-09-03 20:57:20,213 - TIME - Tiempo de entrada: 1725389840.2017 ms, Tiempo de salida: 1725389840.2137 ms, Duracin total: 12.01 ms - Estado: 500 - Duration: 315514 ms
2024-09-03 20:57:21,593 - TIME - Tiempo de entrada: 1725389841.5857 ms, Tiempo de salida: 1725389841.5937 ms, Duracin total: 8.00 ms - Estado: 500 - Duration: 316894 ms
2024-09-03 20:57:22,441 - TIME - Tiempo de entrada: 1725389842.4333 ms, Tiempo de salida: 1725389842.4413 ms, Duracin total: 8.00 ms - Estado: 500 - Duration: 317741 ms
2024-09-03 21:00:03,207 - TIME - Tiempo de entrada: 1725390003.1817 ms, Tiempo de salida: 1725390003.2077 ms, Duracin total: 26.01 ms - Estado: 500 - Duration: 23758 ms
2024-09-03 21:00:05,099 - TIME - Tiempo de entrada: 1725390005.0911 ms, Tiempo de salida: 1725390005.0991 ms, Duracin total: 8.01 ms - Estado: 500 - Duration: 25649 ms
2024-09-03 21:00:06,001 - TIME - Tiempo de entrada: 1725390005.9936 ms, Tiempo de salida: 1725390006.0016 ms, Duracin total: 8.00 ms - Estado: 500 - Duration: 26552 ms
2024-09-03 21:00:06,434 - TIME - Tiempo de entrada: 1725390006.4255 ms, Tiempo de salida: 1725390006.4345 ms, Duracin total: 9.00 ms - Estado: 500 - Duration: 26985 ms
2024-09-03 21:00:06,608 - TIME - Tiempo de entrada: 1725390006.6016 ms, Tiempo de salida: 1725390006.6086 ms, Duracin total: 7.00 ms - Estado: 500 - Duration: 27159 ms
2024-09-03 21:00:06,776 - TIME - Tiempo de entrada: 1725390006.7696 ms, Tiempo de salida: 1725390006.7766 ms, Duracin total: 7.00 ms - Estado: 500 - Duration: 27327 ms
2024-09-03 21:00:44,515 - TIME - Tiempo de entrada: 1725390044.4886 ms, Tiempo de salida: 1725390044.5156 ms, Duracin total: 27.01 ms - Estado: 500 - Duration: 1899 ms
2024-09-03 21:03:06,343 - TIME - Tiempo de entrada: 1725390186.3174 ms, Tiempo de salida: 1725390186.3434 ms, Duracin total: 26.01 ms - Estado: 500 - Duration: 2117 ms
2024-09-03 21:10:09,825 - TIME - Tiempo de entrada: 1725390609.7979 ms, Tiempo de salida: 1725390609.8259 ms, Duracin total: 28.01 ms - Estado: 500 - Duration: 7564 ms
2024-09-03 21:11:35,482 - TIME - Tiempo de entrada: 1725390695.4543 ms, Tiempo de salida: 1725390695.4821 ms, Duracin total: 27.79 ms - Estado: 500 - Duration: 2951 ms
2024-09-03 21:12:53,631 - TIME - Tiempo de entrada: 1725390773.6194 ms, Tiempo de salida: 1725390773.6314 ms, Duracin total: 12.00 ms - Estado: 200 - Duration: 81101 ms
2024-09-03 21:13:40,052 - TIME - Tiempo de entrada: 1725390820.0431 ms, Tiempo de salida: 1725390820.0521 ms, Duracin total: 9.00 ms - Estado: 200 - Duration: 127521 ms
2024-09-03 21:14:01,578 - TIME - Tiempo de entrada: 1725390841.5706 ms, Tiempo de salida: 1725390841.5786 ms, Duracin total: 8.00 ms - Estado: 200 - Duration: 149048 ms
2024-09-03 21:15:41,627 - TIME - Tiempo de entrada: 1725390941.6186 ms, Tiempo de salida: 1725390941.6266 ms, Duracin total: 8.00 ms - Estado: 200 - Duration: 249097 ms
2024-09-03 21:19:00,198 - TIME - Tiempo de entrada: 1725391140.1878 ms, Tiempo de salida: 1725391140.1988 ms, Duracin total: 11.00 ms - Estado: 200 - Duration: 447668 ms
2024-09-03 21:19:21,606 - TIME - Tiempo de entrada: 1725391161.5956 ms, Tiempo de salida: 1725391161.6066 ms, Duracin total: 11.00 ms - Estado: 200 - Duration: 469076 ms
2024-09-03 22:19:34,047 - TIME - Tiempo de entrada: 1725394774.0453 ms, Tiempo de salida: 1725394774.0473 ms, Duracin total: 2.00 ms - Estado: 422 - Duration: 774 ms
2024-09-03 22:19:37,375 - TIME - Tiempo de entrada: 1725394777.3746 ms, Tiempo de salida: 1725394777.3756 ms, Duracin total: 1.00 ms - Estado: 422 - Duration: 4102 ms
2024-09-03 22:20:18,089 - TIME - Tiempo de entrada: 1725394817.9608 ms, Tiempo de salida: 1725394818.0899 ms, Duracin total: 129.03 ms - Estado: 200 - Duration: 44817 ms
2024-09-03 22:26:15,099 - TIME - Tiempo de entrada: 1725395175.0096 ms, Tiempo de salida: 1725395175.0997 ms, Duracin total: 90.02 ms - Estado: 200 - Duration: 401827 ms
2024-09-04 00:38:40,287 - TIME - Tiempo de entrada: 1725403120.2181 ms, Tiempo de salida: 1725403120.2871 ms, Duracin total: 69.02 ms - Estado: 200 - Duration: 1117 ms
2024-09-04 00:38:40,288 - TIME - Tiempo de entrada: 1725403120.2181 ms, Tiempo de salida: 1725403120.2881 ms, Duracin total: 70.02 ms - Estado: 200 - Duration: 1118 ms
2024-09-04 00:38:45,389 - TIME - Tiempo de entrada: 1725403125.2859 ms, Tiempo de salida: 1725403125.3899 ms, Duracin total: 104.02 ms - Estado: 200 - Duration: 6220 ms
2024-09-04 00:38:49,324 - TIME - Tiempo de entrada: 1725403129.3136 ms, Tiempo de salida: 1725403129.3246 ms, Duracin total: 11.00 ms - Estado: 200 - Duration: 10155 ms
2024-09-04 01:08:54,429 - TIME - Tiempo de entrada: 1725404934.4017 ms, Tiempo de salida: 1725404934.4297 ms, Duracin total: 28.01 ms - Estado: 200 - Duration: 1704290 ms
2024-09-04 01:11:41,923 - TIME - Tiempo de entrada: 1725405101.9159 ms, Tiempo de salida: 1725405101.9239 ms, Duracin total: 8.00 ms - Estado: 200 - Duration: 1871784 ms
2024-09-04 01:11:49,663 - TIME - Tiempo de entrada: 1725405109.6546 ms, Tiempo de salida: 1725405109.6636 ms, Duracin total: 9.00 ms - Estado: 200 - Duration: 1879524 ms
2024-09-04 01:32:10,332 - TIME - Tiempo de entrada: 1725406330.3316 ms, Tiempo de salida: 1725406330.3326 ms, Duracin total: 1.00 ms - Estado: 500 - Duration: 938885 ms
2024-09-12 22:43:46,224 - TIME - Tiempo de entrada: 1726173824.1447 ms, Tiempo de salida: 1726173826.2247 ms, Duracin total: 2079.99 ms - Estado: 500 - Duration: 15263 ms
2024-09-12 22:44:10,473 - TIME - Tiempo de entrada: 1726173850.4084 ms, Tiempo de salida: 1726173850.4738 ms, Duracin total: 65.45 ms - Estado: 200 - Duration: 39512 ms
2024-09-12 22:45:51,102 - TIME - Tiempo de entrada: 1726173950.9044 ms, Tiempo de salida: 1726173951.1022 ms, Duracin total: 197.80 ms - Estado: 200 - Duration: 140140 ms
2024-09-12 23:02:22,432 - TIME - Tiempo de entrada: 1726174942.4323 ms, Tiempo de salida: 1726174942.4323 ms, Duracin total: 0.00 ms - Estado: 404 - Duration: 1131470 ms
2024-09-12 23:07:37,033 - TIME - Tiempo de entrada: 1726175257.0329 ms, Tiempo de salida: 1726175257.0339 ms, Duracin total: 1.00 ms - Estado: 422 - Duration: 1446072 ms
2024-09-12 23:08:02,281 - TIME - Tiempo de entrada: 1726175282.1989 ms, Tiempo de salida: 1726175282.2819 ms, Duracin total: 83.02 ms - Estado: 200 - Duration: 1471320 ms
2024-09-12 23:08:25,648 - TIME - Tiempo de entrada: 1726175305.6482 ms, Tiempo de salida: 1726175305.6482 ms, Duracin total: 0.00 ms - Estado: 422 - Duration: 1494686 ms
2024-09-12 23:08:54,925 - TIME - Tiempo de entrada: 1726175334.9199 ms, Tiempo de salida: 1726175334.9259 ms, Duracin total: 6.00 ms - Estado: 500 - Duration: 1523964 ms
2024-09-13 16:58:10,957 - TIME - Tiempo de entrada: 1726239490.9246 ms, Tiempo de salida: 1726239490.9576 ms, Duracin total: 33.01 ms - Estado: 500 - Duration: 6402 ms
<<<<<<< HEAD
2024-09-16 00:07:03,687 - TIME - Tiempo de entrada: 1726438023.6462 ms, Tiempo de salida: 1726438023.6873 ms, Duracin total: 41.07 ms - Estado: 500 - Duration: 40820 ms
2024-09-16 00:10:57,610 - TIME - Tiempo de entrada: 1726438257.5857 ms, Tiempo de salida: 1726438257.6107 ms, Duracin total: 25.01 ms - Estado: 500 - Duration: 1623 ms
2024-09-16 00:20:31,545 - TIME - Tiempo de entrada: 1726438831.5206 ms, Tiempo de salida: 1726438831.5456 ms, Duracin total: 25.01 ms - Estado: 500 - Duration: 6861 ms
2024-09-16 00:22:26,137 - TIME - Tiempo de entrada: 1726438946.1124 ms, Tiempo de salida: 1726438946.1374 ms, Duracin total: 25.01 ms - Estado: 500 - Duration: 3018 ms
2024-09-16 00:23:16,905 - TIME - Tiempo de entrada: 1726438996.8809 ms, Tiempo de salida: 1726438996.9059 ms, Duracin total: 25.01 ms - Estado: 500 - Duration: 2671 ms
=======
2024-09-16 20:45:42,281 - TIME - Tiempo de entrada: 1726519542.2752 ms, Tiempo de salida: 1726519542.2817 ms, Duraci贸n total: 6.48 ms - Estado: 500 - Duration: 520654 ms
2024-09-16 20:47:41,896 - TIME - Tiempo de entrada: 1726519661.8953 ms, Tiempo de salida: 1726519661.8962 ms, Duraci贸n total: 0.83 ms - Estado: 500 - Duration: 640269 ms
2024-09-16 20:53:16,265 - TIME - Tiempo de entrada: 1726519996.2648 ms, Tiempo de salida: 1726519996.2655 ms, Duraci贸n total: 0.79 ms - Estado: 500 - Duration: 974638 ms
2024-09-16 20:53:17,568 - TIME - Tiempo de entrada: 1726519997.5676 ms, Tiempo de salida: 1726519997.5683 ms, Duraci贸n total: 0.76 ms - Estado: 500 - Duration: 975941 ms
2024-09-16 20:54:09,347 - TIME - Tiempo de entrada: 1726520049.3435 ms, Tiempo de salida: 1726520049.3470 ms, Duraci贸n total: 3.52 ms - Estado: 400 - Duration: 1027720 ms
2024-09-16 20:56:06,754 - TIME - Tiempo de entrada: 1726520166.7539 ms, Tiempo de salida: 1726520166.7541 ms, Duraci贸n total: 0.27 ms - Estado: 405 - Duration: 1145127 ms
2024-09-16 20:59:14,975 - TIME - Tiempo de entrada: 1726520354.9756 ms, Tiempo de salida: 1726520354.9759 ms, Duraci贸n total: 0.26 ms - Estado: 405 - Duration: 1333348 ms
2024-09-16 21:02:25,283 - TIME - Tiempo de entrada: 1726520545.2835 ms, Tiempo de salida: 1726520545.2837 ms, Duraci贸n total: 0.26 ms - Estado: 405 - Duration: 1523656 ms
2024-09-16 21:03:35,587 - TIME - Tiempo de entrada: 1726520615.5859 ms, Tiempo de salida: 1726520615.5870 ms, Duraci贸n total: 1.12 ms - Estado: 500 - Duration: 1593960 ms
2024-09-16 21:04:44,530 - TIME - Tiempo de entrada: 1726520684.5294 ms, Tiempo de salida: 1726520684.5309 ms, Duraci贸n total: 1.51 ms - Estado: 400 - Duration: 1662903 ms
2024-09-16 21:05:40,078 - TIME - Tiempo de entrada: 1726520740.0774 ms, Tiempo de salida: 1726520740.0789 ms, Duraci贸n total: 1.48 ms - Estado: 400 - Duration: 1718451 ms
2024-09-16 21:06:34,762 - TIME - Tiempo de entrada: 1726520794.7620 ms, Tiempo de salida: 1726520794.7628 ms, Duraci贸n total: 0.83 ms - Estado: 500 - Duration: 1773135 ms
2024-09-16 21:08:05,434 - TIME - Tiempo de entrada: 1726520885.4340 ms, Tiempo de salida: 1726520885.4348 ms, Duraci贸n total: 0.80 ms - Estado: 500 - Duration: 1863807 ms
2024-09-16 21:09:01,780 - TIME - Tiempo de entrada: 1726520941.7798 ms, Tiempo de salida: 1726520941.7806 ms, Duraci贸n total: 0.81 ms - Estado: 500 - Duration: 1920153 ms
2024-09-16 21:12:59,100 - TIME - Tiempo de entrada: 1726521179.0997 ms, Tiempo de salida: 1726521179.1003 ms, Duraci贸n total: 0.54 ms - Estado: 422 - Duration: 2157473 ms
2024-09-16 21:14:30,278 - TIME - Tiempo de entrada: 1726521270.2774 ms, Tiempo de salida: 1726521270.2782 ms, Duraci贸n total: 0.81 ms - Estado: 500 - Duration: 2248651 ms
2024-09-16 21:15:10,494 - TIME - Tiempo de entrada: 1726521310.4940 ms, Tiempo de salida: 1726521310.4948 ms, Duraci贸n total: 0.82 ms - Estado: 500 - Duration: 2288867 ms
>>>>>>> 7b405e02e89bbd69b690e466896a5ce165166a76
2024-12-01 22:57:10,108 - TIME - Tiempo de entrada: 1733090230.1076 ms, Tiempo de salida: 1733090230.1086 ms, Duracin total: 1.00 ms - Estado: 404 - Duration: 90981 ms
2024-12-01 23:02:39,215 - TIME - Tiempo de entrada: 1733090559.2149 ms, Tiempo de salida: 1733090559.2159 ms, Duracin total: 1.00 ms - Estado: 405 - Duration: 420088 ms
2024-12-01 23:06:20,088 - TIME - Tiempo de entrada: 1733090780.0886 ms, Tiempo de salida: 1733090780.0886 ms, Duracin total: 0.00 ms - Estado: 404 - Duration: 640961 ms
2024-12-01 23:06:22,961 - TIME - Tiempo de entrada: 1733090782.9602 ms, Tiempo de salida: 1733090782.9612 ms, Duracin total: 1.00 ms - Estado: 404 - Duration: 643834 ms
2024-12-01 23:06:23,490 - TIME - Tiempo de entrada: 1733090783.4894 ms, Tiempo de salida: 1733090783.4903 ms, Duracin total: 0.99 ms - Estado: 404 - Duration: 644363 ms
2024-12-01 23:06:23,705 - TIME - Tiempo de entrada: 1733090783.7055 ms, Tiempo de salida: 1733090783.7055 ms, Duracin total: 0.00 ms - Estado: 404 - Duration: 644578 ms
2024-12-01 23:14:58,322 - TIME - Tiempo de entrada: 1733091298.3228 ms, Tiempo de salida: 1733091298.3228 ms, Duracin total: 0.00 ms - Estado: 404 - Duration: 1091 ms
2024-12-01 23:29:42,483 - TIME - Tiempo de entrada: 1733092182.4544 ms, Tiempo de salida: 1733092182.4834 ms, Duracin total: 29.01 ms - Estado: 500 - Duration: 2589 ms
2024-12-02 08:55:27,867 - TIME - Tiempo de entrada: 1733126127.7566 ms, Tiempo de salida: 1733126127.8673 ms, Duracin total: 110.77 ms - Estado: 500 - Duration: 32295 ms
2024-12-02 09:21:16,762 - TIME - Tiempo de entrada: 1733127676.7194 ms, Tiempo de salida: 1733127676.7621 ms, Duracin total: 42.66 ms - Estado: 500 - Duration: 1641 ms
2024-12-02 09:23:25,769 - TIME - Tiempo de entrada: 1733127785.3825 ms, Tiempo de salida: 1733127805.7693 ms, Duracin total: 20386.80 ms - Estado: 500 - Duration: 23976 ms
2024-12-02 17:12:36,036 - TIME - Tiempo de entrada: 1733155934.4203 ms, Tiempo de salida: 1733155956.0361 ms, Duracin total: 21615.80 ms - Estado: 500 - Duration: 24841 ms
2024-12-02 17:49:25,944 - TIME - Tiempo de entrada: 1733158157.0402 ms, Tiempo de salida: 1733158165.9449 ms, Duracin total: 8904.67 ms - Estado: 500 - Duration: 51784 ms
2024-12-02 18:41:24,214 - TIME - Tiempo de entrada: 1733161282.9949 ms, Tiempo de salida: 1733161284.2144 ms, Duracin total: 1219.48 ms - Estado: 500 - Duration: 72959 ms
2024-12-02 18:55:58,879 - TIME - Tiempo de entrada: 1733162157.6718 ms, Tiempo de salida: 1733162158.8796 ms, Duracin total: 1207.76 ms - Estado: 500 - Duration: 15620 ms
2024-12-02 19:08:04,506 - TIME - Tiempo de entrada: 1733162872.7079 ms, Tiempo de salida: 1733162884.5057 ms, Duracin total: 11797.83 ms - Estado: 500 - Duration: 21057 ms
2024-12-02 19:12:50,591 - TIME - Tiempo de entrada: 1733163163.8289 ms, Tiempo de salida: 1733163170.5920 ms, Duracin total: 6763.05 ms - Estado: 500 - Duration: 307142 ms
2024-12-02 19:51:53,253 - TIME - Tiempo de entrada: 1733165503.9497 ms, Tiempo de salida: 1733165513.2536 ms, Duracin total: 9303.87 ms - Estado: 500 - Duration: 37884 ms
2024-12-05 13:49:01,186 - TIME - Tiempo de entrada: 1733402933.8197 ms, Tiempo de salida: 1733402941.1863 ms, Duracin total: 7366.52 ms - Estado: 500 - Duration: 10063 ms
2024-12-05 14:25:58,766 - TIME - Tiempo de entrada: 1733405152.3821 ms, Tiempo de salida: 1733405158.7660 ms, Duracin total: 6383.95 ms - Estado: 500 - Duration: 8628 ms
2024-12-05 14:27:39,320 - TIME - Tiempo de entrada: 1733405253.9867 ms, Tiempo de salida: 1733405259.3209 ms, Duracin total: 5334.14 ms - Estado: 500 - Duration: 109183 ms
2024-12-05 14:30:18,340 - TIME - Tiempo de entrada: 1733405413.4951 ms, Tiempo de salida: 1733405418.3410 ms, Duracin total: 4845.90 ms - Estado: 500 - Duration: 268203 ms
2024-12-05 14:33:21,590 - TIME - Tiempo de entrada: 1733405591.6567 ms, Tiempo de salida: 1733405601.5907 ms, Duracin total: 9934.04 ms - Estado: 500 - Duration: 12834 ms
2024-12-05 14:34:27,891 - TIME - Tiempo de entrada: 1733405659.3016 ms, Tiempo de salida: 1733405667.8916 ms, Duracin total: 8589.99 ms - Estado: 500 - Duration: 79134 ms
2024-12-05 14:35:53,081 - TIME - Tiempo de entrada: 1733405745.8517 ms, Tiempo de salida: 1733405753.0814 ms, Duracin total: 7229.66 ms - Estado: 500 - Duration: 9575 ms
2024-12-05 14:36:43,852 - TIME - Tiempo de entrada: 1733405797.0144 ms, Tiempo de salida: 1733405803.8524 ms, Duracin total: 6837.99 ms - Estado: 500 - Duration: 16548 ms
2024-12-05 14:43:38,590 - TIME - Tiempo de entrada: 1733406212.4785 ms, Tiempo de salida: 1733406218.5908 ms, Duracin total: 6112.32 ms - Estado: 500 - Duration: 10609 ms
2024-12-05 14:57:57,607 - TIME - Tiempo de entrada: 1733407073.6904 ms, Tiempo de salida: 1733407077.6072 ms, Duracin total: 3916.81 ms - Estado: 500 - Duration: 4871 ms
2024-12-05 15:11:55,484 - TIME - Tiempo de entrada: 1733407911.0551 ms, Tiempo de salida: 1733407915.4848 ms, Duracin total: 4429.69 ms - Estado: 500 - Duration: 842749 ms
2024-12-05 15:17:56,642 - TIME - Tiempo de entrada: 1733408264.7666 ms, Tiempo de salida: 1733408276.6427 ms, Duracin total: 11876.04 ms - Estado: 500 - Duration: 13105 ms
2024-12-05 15:26:12,766 - TIME - Tiempo de entrada: 1733408766.2124 ms, Tiempo de salida: 1733408772.7670 ms, Duracin total: 6554.55 ms - Estado: 500 - Duration: 509229 ms
2024-12-05 15:26:43,976 - TIME - Tiempo de entrada: 1733408798.9122 ms, Tiempo de salida: 1733408803.9765 ms, Duracin total: 5064.24 ms - Estado: 500 - Duration: 540438 ms
2024-12-05 17:39:51,489 - TIME - Tiempo de entrada: 1733416779.8070 ms, Tiempo de salida: 1733416791.4895 ms, Duracin total: 11682.41 ms - Estado: 500 - Duration: 28297 ms
2024-12-05 17:49:45,008 - TIME - Tiempo de entrada: 1733417373.6939 ms, Tiempo de salida: 1733417385.0082 ms, Duracin total: 11314.38 ms - Estado: 500 - Duration: 13751 ms
2024-12-05 17:52:25,706 - TIME - Tiempo de entrada: 1733417539.3279 ms, Tiempo de salida: 1733417545.7064 ms, Duracin total: 6378.49 ms - Estado: 500 - Duration: 174449 ms
2024-12-06 19:44:23,647 - TIME - Tiempo de entrada: 1733510647.0217 ms, Tiempo de salida: 1733510663.6465 ms, Duracin total: 16624.89 ms - Estado: 500 - Duration: 64812 ms
2024-12-06 19:45:48,697 - TIME - Tiempo de entrada: 1733510748.6967 ms, Tiempo de salida: 1733510748.6977 ms, Duracin total: 1.00 ms - Estado: 422 - Duration: 149863 ms
2024-12-06 19:47:47,986 - TIME - Tiempo de entrada: 1733510867.9798 ms, Tiempo de salida: 1733510867.9868 ms, Duracin total: 7.00 ms - Estado: 500 - Duration: 269152 ms
2024-12-06 19:56:18,111 - TIME - Tiempo de entrada: 1733511378.0969 ms, Tiempo de salida: 1733511378.1119 ms, Duracin total: 15.00 ms - Estado: 500 - Duration: 2826 ms
2024-12-06 21:00:21,174 - TIME - Tiempo de entrada: 1733515189.3667 ms, Tiempo de salida: 1733515221.1750 ms, Duracin total: 31808.26 ms - Estado: 500 - Duration: 37660 ms
2024-12-06 21:13:37,379 - TIME - Tiempo de entrada: 1733516017.3785 ms, Tiempo de salida: 1733516017.3785 ms, Duracin total: 0.00 ms - Estado: 404 - Duration: 10618 ms
2024-12-06 21:14:05,850 - TIME - Tiempo de entrada: 1733516045.8506 ms, Tiempo de salida: 1733516045.8506 ms, Duracin total: 0.00 ms - Estado: 404 - Duration: 3438 ms
2024-12-06 21:16:30,700 - TIME - Tiempo de entrada: 1733516164.1352 ms, Tiempo de salida: 1733516190.7009 ms, Duracin total: 26565.67 ms - Estado: 500 - Duration: 37505 ms
2024-12-07 08:20:03,106 - TIME - Tiempo de entrada: 1733556002.2567 ms, Tiempo de salida: 1733556003.1064 ms, Duracin total: 849.69 ms - Estado: 500 - Duration: 25063 ms
2024-12-07 08:24:03,184 - TIME - Tiempo de entrada: 1733556213.7198 ms, Tiempo de salida: 1733556243.1843 ms, Duracin total: 29464.48 ms - Estado: 500 - Duration: 265141 ms
